<?xml version="1.0" encoding="UTF-8"?>
<testsuite xmlns:xsi="http://www.w3.org/2001/XMLSchema-instance" xsi:noNamespaceSchemaLocation="https://maven.apache.org/surefire/maven-surefire-plugin/xsd/surefire-test-report-3.0.xsd" version="3.0" name="projeto.vendas.VendasApplicationTests" time="7.955" tests="1" errors="0" skipped="0" failures="0">
  <properties>
[...]
</properties>
  <testcase name="contextLoads" classname="projeto.vendas.VendasApplicationTests" time="0.481">
    <system-out><![CDATA[08:41:22.806 [main] INFO org.springframework.test.context.support.AnnotationConfigContextLoaderUtils -- Could not detect default configuration classes for test class [projeto.vendas.VendasApplicationTests]: VendasApplicationTests does not declare any static, non-private, non-final, nested classes annotated with @Configuration.
08:41:22.888 [main] INFO org.springframework.boot.test.context.SpringBootTestContextBootstrapper -- Found @SpringBootConfiguration projeto.vendas.VendasApplication for test class projeto.vendas.VendasApplicationTests
08:41:23.042 [main] INFO org.springframework.boot.devtools.restart.RestartApplicationListener -- Restart disabled due to context in which it is running
  .   ____          _            __ _ _
 /\\ / ___'_ __ _ _(_)_ __  __ _ \ \ \ \
( ( )\___ | '_ | '_| | '_ \/ _` | \ \ \ \
 \\/  ___)| |_)| | | | | || (_| |  ) ) ) )
  '  |____| .__|_| |_|_| |_\__, | / / / /
 =========|_|==============|___/=/_/_/_/

 :: Spring Boot ::                (v3.3.0)

2025-02-11T08:41:23.437-03:00  INFO 67689 --- [vendas] [           main] projeto.vendas.VendasApplicationTests    : Starting VendasApplicationTests using Java 17.0.12 with PID 67689 (started by eder in /home/eder/Documentos/EstudosJava/vendas)
2025-02-11T08:41:23.438-03:00  INFO 67689 --- [vendas] [           main] projeto.vendas.VendasApplicationTests    : No active profile set, falling back to 1 default profile: "default"
2025-02-11T08:41:24.431-03:00  INFO 67689 --- [vendas] [           main] .s.d.r.c.RepositoryConfigurationDelegate : Bootstrapping Spring Data JPA repositories in DEFAULT mode.
2025-02-11T08:41:24.485-03:00  INFO 67689 --- [vendas] [           main] .s.d.r.c.RepositoryConfigurationDelegate : Finished Spring Data repository scanning in 45 ms. Found 2 JPA repository interfaces.
2025-02-11T08:41:24.731-03:00  INFO 67689 --- [vendas] [           main] o.s.cloud.context.scope.GenericScope     : BeanFactory id=5da6dc9b-583f-3080-8eb4-4a9cdba997b3
2025-02-11T08:41:25.191-03:00  INFO 67689 --- [vendas] [           main] com.zaxxer.hikari.HikariDataSource       : HikariPool-1 - Starting...
2025-02-11T08:41:25.550-03:00  INFO 67689 --- [vendas] [           main] com.zaxxer.hikari.pool.HikariPool        : HikariPool-1 - Added connection com.mysql.cj.jdbc.ConnectionImpl@b55f5b7
2025-02-11T08:41:25.553-03:00  INFO 67689 --- [vendas] [           main] com.zaxxer.hikari.HikariDataSource       : HikariPool-1 - Start completed.
2025-02-11T08:41:25.626-03:00  INFO 67689 --- [vendas] [           main] org.flywaydb.core.FlywayExecutor         : Database: jdbc:mysql://localhost/vendas (MySQL 8.0)
2025-02-11T08:41:25.722-03:00  INFO 67689 --- [vendas] [           main] o.f.core.internal.command.DbValidate     : Successfully validated 4 migrations (execution time 00:00.048s)
2025-02-11T08:41:25.748-03:00  INFO 67689 --- [vendas] [           main] o.f.core.internal.command.DbMigrate      : Current version of schema `vendas`: 4
2025-02-11T08:41:25.752-03:00  INFO 67689 --- [vendas] [           main] o.f.core.internal.command.DbMigrate      : Schema `vendas` is up to date. No migration necessary.
2025-02-11T08:41:25.921-03:00  INFO 67689 --- [vendas] [           main] o.hibernate.jpa.internal.util.LogHelper  : HHH000204: Processing PersistenceUnitInfo [name: default]
2025-02-11T08:41:25.979-03:00  INFO 67689 --- [vendas] [           main] org.hibernate.Version                    : HHH000412: Hibernate ORM core version 6.5.2.Final
2025-02-11T08:41:26.019-03:00  INFO 67689 --- [vendas] [           main] o.h.c.internal.RegionFactoryInitiator    : HHH000026: Second-level cache disabled
2025-02-11T08:41:26.561-03:00  INFO 67689 --- [vendas] [           main] o.s.o.j.p.SpringPersistenceUnitInfo      : No LoadTimeWeaver setup: ignoring JPA class transformer
2025-02-11T08:41:27.603-03:00  INFO 67689 --- [vendas] [           main] o.h.e.t.j.p.i.JtaPlatformInitiator       : HHH000489: No JTA platform available (set 'hibernate.transaction.jta.platform' to enable JTA platform integration)
2025-02-11T08:41:27.608-03:00  INFO 67689 --- [vendas] [           main] j.LocalContainerEntityManagerFactoryBean : Initialized JPA EntityManagerFactory for persistence unit 'default'
2025-02-11T08:41:28.076-03:00  INFO 67689 --- [vendas] [           main] r$InitializeUserDetailsManagerConfigurer : Global AuthenticationManager configured with UserDetailsService bean with name autenticacaoService
2025-02-11T08:41:28.147-03:00  INFO 67689 --- [vendas] [           main] o.s.d.j.r.query.QueryEnhancerFactory     : Hibernate is in classpath; If applicable, HQL parser will be used.
2025-02-11T08:41:28.916-03:00  WARN 67689 --- [vendas] [           main] JpaBaseConfiguration$JpaWebConfiguration : spring.jpa.open-in-view is enabled by default. Therefore, database queries may be performed during view rendering. Explicitly configure spring.jpa.open-in-view to disable this warning
2025-02-11T08:41:29.424-03:00  INFO 67689 --- [vendas] [           main] o.s.s.web.DefaultSecurityFilterChain     : Will secure any request with [org.springframework.security.web.session.DisableEncodeUrlFilter@7df7d5cc, org.springframework.security.web.context.request.async.WebAsyncManagerIntegrationFilter@c95213a, org.springframework.security.web.context.SecurityContextHolderFilter@796dff96, org.springframework.security.web.header.HeaderWriterFilter@79200f8, org.springframework.web.filter.CorsFilter@345236c6, org.springframework.security.web.authentication.logout.LogoutFilter@6f50f047, projeto.vendas.Infra.security.SecurityFilter@120661d2, org.springframework.security.web.savedrequest.RequestCacheAwareFilter@7167ca15, org.springframework.security.web.servletapi.SecurityContextHolderAwareRequestFilter@1bd99de6, org.springframework.security.web.authentication.AnonymousAuthenticationFilter@77eab063, org.springframework.security.web.session.SessionManagementFilter@5d706283, org.springframework.security.web.access.ExceptionTranslationFilter@6ee9fcac, org.springframework.security.web.access.intercept.AuthorizationFilter@62d26820]
2025-02-11T08:41:30.129-03:00  INFO 67689 --- [vendas] [           main] projeto.vendas.VendasApplicationTests    : Started VendasApplicationTests in 7.101 seconds (process running for 7.934)
]]></system-out>
  </testcase>
</testsuite>